\BOOKMARK [0][-]{chapter.1}{\376\377\000I\000n\000t\000r\000o\000d\000u\000\347\000\343\000o}{}% 1
\BOOKMARK [1][-]{section.1.1}{\376\377\000D\000e\000f\000i\000n\000i\000\347\000\343\000o\000\040\000d\000e\000\040\000J\000u\000r\000i\000m\000e\000t\000r\000i\000a}{chapter.1}% 2
\BOOKMARK [0][-]{chapter.2}{\376\377\000F\000e\000r\000r\000a\000m\000e\000n\000t\000a\000l\000\040\000d\000e\000\040\000t\000r\000a\000b\000a\000l\000h\000o\000\040\000d\000a\000\040\000A\000B\000J}{}% 3
\BOOKMARK [1][-]{section.2.1}{\376\377\000E\000x\000e\000m\000p\000l\000o\000\040\000t\000r\000a\000b\000a\000l\000h\000a\000d\000o}{chapter.2}% 4
\BOOKMARK [1][-]{section.2.2}{\376\377\000D\000a\000t\000a\000\040\000t\000i\000d\000y\000i\000n\000g}{chapter.2}% 5
\BOOKMARK [1][-]{section.2.3}{\376\377\000P\000i\000p\000e}{chapter.2}% 6
\BOOKMARK [1][-]{section.2.4}{\376\377\000P\000a\000c\000o\000t\000e\000\040\000l\000u\000b\000r\000i\000d\000a\000t\000e\000\040\000p\000a\000r\000a\000\040\000t\000r\000a\000b\000a\000l\000h\000a\000r\000\040\000c\000o\000m\000\040\000d\000a\000t\000a\000s}{chapter.2}% 7
\BOOKMARK [1][-]{section.2.5}{\376\377\000P\000a\000c\000o\000t\000e\000\040\000s\000t\000r\000i\000n\000g\000r\000\040\000p\000a\000r\000a\000\040\000t\000r\000a\000b\000a\000l\000h\000a\000r\000\040\000c\000o\000m\000\040\000t\000e\000x\000t\000o\000s}{chapter.2}% 8
\BOOKMARK [1][-]{section.2.6}{\376\377\000P\000a\000c\000o\000t\000e\000s\000\040\000d\000p\000l\000y\000r\000\040\000e\000\040\000t\000i\000d\000y\000r}{chapter.2}% 9
\BOOKMARK [1][-]{section.2.7}{\376\377\000P\000a\000c\000o\000t\000e\000s\000\040\000h\000t\000t\000r\000,\000\040\000x\000m\000l\0002\000\040\000e\000\040\000r\000v\000e\000s\000t}{chapter.2}% 10
\BOOKMARK [1][-]{section.2.8}{\376\377\000W\000e\000b\000\040\000s\000c\000r\000a\000p\000i\000n\000g}{chapter.2}% 11
\BOOKMARK [1][-]{section.2.9}{\376\377\000B\000u\000s\000c\000a\000r\000\040\000d\000o\000c\000u\000m\000e\000n\000t\000o\000s}{chapter.2}% 12
\BOOKMARK [1][-]{section.2.10}{\376\377\000C\000o\000l\000e\000t\000a\000r\000\040\000p\000r\000o\000c\000e\000s\000s\000o\000s}{chapter.2}% 13
\BOOKMARK [1][-]{section.2.11}{\376\377\000A\000\040\000i\000m\000p\000o\000r\000t\000\342\000n\000c\000i\000a\000\040\000d\000a\000\040\000c\000r\000i\000a\000\347\000\343\000o\000\040\000d\000e\000\040\000A\000P\000I\000s\000\040\000p\000\372\000b\000l\000i\000c\000o\000s\000\040\000n\000o\000s\000\040\000t\000r\000i\000b\000u\000n\000a\000i\000s}{chapter.2}% 14
\BOOKMARK [1][-]{section.2.12}{\376\377\000V\000i\000s\000u\000a\000l\000i\000z\000a\000\347\000\343\000o\000\040\000d\000e\000\040\000d\000a\000d\000o\000s\000\040\000c\000o\000m\000\040\000g\000g\000p\000l\000o\000t\0002}{chapter.2}% 15
\BOOKMARK [1][-]{section.2.13}{\376\377\000E\000x\000e\000m\000p\000l\000o\000\040\000v\000i\000s\000u\000a\000l\000i\000z\000a\000\347\000\343\000o}{chapter.2}% 16
\BOOKMARK [1][-]{section.2.14}{\376\377\000F\000e\000r\000r\000a\000m\000e\000n\000t\000a\000s\000\040\000d\000e\000\040\000v\000i\000s\000u\000a\000l\000i\000z\000a\000\347\000\343\000o\000\040\000c\000o\000m\000\040\000s\000h\000i\000n\000y}{chapter.2}% 17
\BOOKMARK [1][-]{section.2.15}{\376\377\000F\000a\000z\000e\000n\000d\000o\000\040\000m\000a\000i\000s\000\040\000c\000o\000m\000\040\000o\000\040\000s\000h\000i\000n\000y}{chapter.2}% 18
\BOOKMARK [0][-]{chapter.3}{\376\377\000S\000i\000m\000u\000l\000a\000\347\000\343\000o}{}% 19
\BOOKMARK [1][-]{section.3.1}{\376\377\000P\000r\000i\000m\000e\000i\000r\000o\000s\000\040\000p\000a\000s\000s\000o\000s}{chapter.3}% 20
\BOOKMARK [1][-]{section.3.2}{\376\377\000E\000s\000t\000r\000u\000t\000u\000r\000a\000\347\000\343\000o}{chapter.3}% 21
\BOOKMARK [1][-]{section.3.3}{\376\377\000D\000a\000d\000o\000s}{chapter.3}% 22
\BOOKMARK [1][-]{section.3.4}{\376\377\000I\000m\000p\000l\000e\000m\000e\000n\000t\000a\000\347\000\343\000o}{chapter.3}% 23
\BOOKMARK [1][-]{section.3.5}{\376\377\000A\000n\000\341\000l\000i\000s\000e\000\040\000d\000o\000s\000\040\000r\000e\000s\000u\000l\000t\000a\000d\000o\000s}{chapter.3}% 24
\BOOKMARK [1][-]{section.3.6}{\376\377\000E\000x\000e\000m\000p\000l\000o\000\040\000-\000\040\000C\000a\000d\000a\000s\000t\000r\000o\000\040\000N\000a\000c\000i\000o\000n\000a\000l\000\040\000d\000e\000\040\000A\000d\000o\000\347\000\343\000o}{chapter.3}% 25
\BOOKMARK [0][-]{chapter.4}{\376\377\000R\000e\000f\000e\000r\000\352\000n\000c\000i\000a\000s}{}% 26
